Using pre-set license
Built from '2020.3/release' branch; Version is '2020.3.2f1 (8fd9074bf66c) revision 9427207'; Using compiler version '192528614'; Build Type 'Release'
OS: 'Windows 10 Pro; OS build 19041.928; Version 2004; 64bit' Language: 'ko' Physical Memory: 8102 MB
BatchMode: 1, IsHumanControllingUs: 0, StartBugReporterOnCrash: 0, Is64bit: 1, IsPro: 0

 COMMAND LINE ARGUMENTS:
C:\Program Files\Unity\Hub\Editor\2020.3.2f1\Editor\Unity.exe
-adb2
-batchMode
-noUpm
-name
AssetImportWorker0
-projectPath
C:/Users/sllab/projects/UnityStudy/Roll-a-Ball
-logFile
Logs/AssetImportWorker0.log
-srvPort
55386
Successfully changed project path to: C:/Users/sllab/projects/UnityStudy/Roll-a-Ball
C:/Users/sllab/projects/UnityStudy/Roll-a-Ball
Using Asset Import Pipeline V2.
Refreshing native plugins compatible for Editor in 198.05 ms, found 0 plugins.
Preloading 0 native plugins for Editor in 0.00 ms.
Initialize engine version: 2020.3.2f1 (8fd9074bf66c)
[Subsystems] Discovering subsystems at path C:/Program Files/Unity/Hub/Editor/2020.3.2f1/Editor/Data/Resources/UnitySubsystems
[Subsystems] Discovering subsystems at path C:/Users/sllab/projects/UnityStudy/Roll-a-Ball/Assets
GfxDevice: creating device client; threaded=0
Direct3D:
    Version:  Direct3D 11.0 [level 11.1]
    Renderer: Intel(R) HD Graphics 630 (ID=0x5912)
    Vendor:   
    VRAM:     4051 MB
    Driver:   25.20.100.6472
Initialize mono
Mono path[0] = 'C:/Program Files/Unity/Hub/Editor/2020.3.2f1/Editor/Data/Managed'
Mono path[1] = 'C:/Program Files/Unity/Hub/Editor/2020.3.2f1/Editor/Data/MonoBleedingEdge/lib/mono/unityjit'
Mono config path = 'C:/Program Files/Unity/Hub/Editor/2020.3.2f1/Editor/Data/MonoBleedingEdge/etc'
Using monoOptions --debugger-agent=transport=dt_socket,embedding=1,server=y,suspend=n,address=127.0.0.1:56988
Begin MonoManager ReloadAssembly
Registering precompiled unity dll's ...
Register platform support module: C:/Program Files/Unity/Hub/Editor/2020.3.2f1/Editor/Data/PlaybackEngines/WindowsStandaloneSupport/UnityEditor.WindowsStandalone.Extensions.dll
Registered in 0.007049 seconds.
Native extension for WindowsStandalone target not found
Refreshing native plugins compatible for Editor in 377.66 ms, found 0 plugins.
Preloading 0 native plugins for Editor in 0.00 ms.
Invoked RoslynAnalysisRunner static constructor.
RoslynAnalysisRunner will not be running.
RoslynAnalysisRunner has terminated.
Mono: successfully reloaded assembly
- Completed reload, in  6.331 seconds
Platform modules already initialized, skipping
Registering precompiled user dll's ...
Registered in 0.007458 seconds.
Begin MonoManager ReloadAssembly
Native extension for WindowsStandalone target not found
Refreshing native plugins compatible for Editor in 0.23 ms, found 0 plugins.
Preloading 0 native plugins for Editor in 0.00 ms.
Invoked RoslynAnalysisRunner static constructor.
RoslynAnalysisRunner will not be running.
RoslynAnalysisRunner has terminated.
Mono: successfully reloaded assembly
- Completed reload, in  1.612 seconds
Platform modules already initialized, skipping
========================================================================
Worker process is ready to serve import requests
Launched and connected shader compiler UnityShaderCompiler.exe after 0.08 seconds
Refreshing native plugins compatible for Editor in 0.26 ms, found 0 plugins.
Preloading 0 native plugins for Editor in 0.00 ms.
Unloading 1118 Unused Serialized files (Serialized files now loaded: 0)
System memory in use before: 57.9 MB.
System memory in use after: 58.0 MB.

Unloading 10 unused Assets to reduce memory usage. Loaded Objects now: 1563.
Total: 2.794800 ms (FindLiveObjects: 0.213100 ms CreateObjectMapping: 0.119800 ms MarkObjects: 2.326000 ms  DeleteObjects: 0.133400 ms)

========================================================================
Received Import Request.
  path: Assets/Scripts/CameraMove.cs
  artifactKey: Guid(43856c0ab90beaf45af1a0a54f2d1ef4) Importer(815301076,1909f56bfc062723c751e8b465ee728b)
Start importing Assets/Scripts/CameraMove.cs using Guid(43856c0ab90beaf45af1a0a54f2d1ef4) Importer(815301076,1909f56bfc062723c751e8b465ee728b)  -> (artifact id: 'fb4673ebe186a0c518eef736feb04ef7') in 0.057994 seconds
  Import took 0.060732 seconds .

========================================================================
Received Prepare
Registering precompiled user dll's ...
Registered in 0.001215 seconds.
Begin MonoManager ReloadAssembly
Native extension for WindowsStandalone target not found
Refreshing native plugins compatible for Editor in 0.23 ms, found 0 plugins.
Preloading 0 native plugins for Editor in 0.00 ms.
Invoked RoslynAnalysisRunner static constructor.
RoslynAnalysisRunner will not be running.
RoslynAnalysisRunner has terminated.
Mono: successfully reloaded assembly
- Completed reload, in  1.100 seconds
Platform modules already initialized, skipping
Refreshing native plugins compatible for Editor in 0.22 ms, found 0 plugins.
Preloading 0 native plugins for Editor in 0.00 ms.
Unloading 1113 Unused Serialized files (Serialized files now loaded: 0)
System memory in use before: 57.9 MB.
System memory in use after: 57.9 MB.

Unloading 5 unused Assets to reduce memory usage. Loaded Objects now: 1566.
Total: 1.878900 ms (FindLiveObjects: 0.141000 ms CreateObjectMapping: 0.042000 ms MarkObjects: 1.620300 ms  DeleteObjects: 0.074300 ms)

========================================================================
Received Import Request.
  Time since last request: 627.604942 seconds.
  path: Assets/Scripts/CameraMove.cs
  artifactKey: Guid(43856c0ab90beaf45af1a0a54f2d1ef4) Importer(815301076,1909f56bfc062723c751e8b465ee728b)
Start importing Assets/Scripts/CameraMove.cs using Guid(43856c0ab90beaf45af1a0a54f2d1ef4) Importer(815301076,1909f56bfc062723c751e8b465ee728b)  -> (artifact id: '4a0864ab0b1c2ad38d600b137924216b') in 0.017870 seconds
  Import took 0.035253 seconds .

========================================================================
Received Import Request.
  Time since last request: 351.891633 seconds.
  path: Assets/Scripts/CameraMove.cs
  artifactKey: Guid(43856c0ab90beaf45af1a0a54f2d1ef4) Importer(815301076,1909f56bfc062723c751e8b465ee728b)
Start importing Assets/Scripts/CameraMove.cs using Guid(43856c0ab90beaf45af1a0a54f2d1ef4) Importer(815301076,1909f56bfc062723c751e8b465ee728b)  -> (artifact id: '07735145486189ecf3999203137367c7') in 0.004236 seconds
  Import took 0.008557 seconds .

========================================================================
Received Import Request.
  Time since last request: 0.894000 seconds.
  path: Assets/Scripts/ItemCan.cs
  artifactKey: Guid(b3bfe86d66ea79644aa016fe0c42e044) Importer(815301076,1909f56bfc062723c751e8b465ee728b)
Start importing Assets/Scripts/ItemCan.cs using Guid(b3bfe86d66ea79644aa016fe0c42e044) Importer(815301076,1909f56bfc062723c751e8b465ee728b)  -> (artifact id: '39dfccba83d3f6cc0499dc85d37ec570') in 0.006343 seconds
  Import took 0.011663 seconds .

========================================================================
Received Import Request.
  Time since last request: 112.581250 seconds.
  path: Assets/Scripts/PlayerBall.cs
  artifactKey: Guid(83a9c84d0eab5144d94ead9b05191e64) Importer(815301076,1909f56bfc062723c751e8b465ee728b)
Start importing Assets/Scripts/PlayerBall.cs using Guid(83a9c84d0eab5144d94ead9b05191e64) Importer(815301076,1909f56bfc062723c751e8b465ee728b)  -> (artifact id: 'ef194fd6d73dda42a931b253f8a55ff2') in 0.005001 seconds
  Import took 0.007352 seconds .

========================================================================
Received Import Request.
  Time since last request: 0.012905 seconds.
  path: Assets/Scripts/PlayerBall.cs
  artifactKey: Guid(83a9c84d0eab5144d94ead9b05191e64) Importer(815301076,1909f56bfc062723c751e8b465ee728b)
Start importing Assets/Scripts/PlayerBall.cs using Guid(83a9c84d0eab5144d94ead9b05191e64) Importer(815301076,1909f56bfc062723c751e8b465ee728b)  -> (artifact id: 'ef194fd6d73dda42a931b253f8a55ff2') in 0.005478 seconds
  Import took 0.007783 seconds .

========================================================================
Received Prepare
Registering precompiled user dll's ...
Registered in 0.003903 seconds.
Begin MonoManager ReloadAssembly
Native extension for WindowsStandalone target not found
Refreshing native plugins compatible for Editor in 0.23 ms, found 0 plugins.
Preloading 0 native plugins for Editor in 0.00 ms.
Invoked RoslynAnalysisRunner static constructor.
RoslynAnalysisRunner will not be running.
RoslynAnalysisRunner has terminated.
Mono: successfully reloaded assembly
- Completed reload, in  1.347 seconds
Platform modules already initialized, skipping
Refreshing native plugins compatible for Editor in 0.25 ms, found 0 plugins.
Preloading 0 native plugins for Editor in 0.00 ms.
Unloading 1113 Unused Serialized files (Serialized files now loaded: 0)
System memory in use before: 57.9 MB.
System memory in use after: 58.0 MB.

Unloading 5 unused Assets to reduce memory usage. Loaded Objects now: 1569.
Total: 2.623400 ms (FindLiveObjects: 0.283700 ms CreateObjectMapping: 0.077800 ms MarkObjects: 2.200800 ms  DeleteObjects: 0.059500 ms)

========================================================================
Received Prepare
Registering precompiled user dll's ...
Registered in 0.002618 seconds.
Begin MonoManager ReloadAssembly
Native extension for WindowsStandalone target not found
Refreshing native plugins compatible for Editor in 0.28 ms, found 0 plugins.
Preloading 0 native plugins for Editor in 0.00 ms.
Invoked RoslynAnalysisRunner static constructor.
RoslynAnalysisRunner will not be running.
RoslynAnalysisRunner has terminated.
Mono: successfully reloaded assembly
- Completed reload, in  1.520 seconds
Platform modules already initialized, skipping
Refreshing native plugins compatible for Editor in 0.25 ms, found 0 plugins.
Preloading 0 native plugins for Editor in 0.00 ms.
Unloading 1113 Unused Serialized files (Serialized files now loaded: 0)
System memory in use before: 57.9 MB.
System memory in use after: 58.0 MB.

Unloading 5 unused Assets to reduce memory usage. Loaded Objects now: 1572.
Total: 1.848000 ms (FindLiveObjects: 0.157200 ms CreateObjectMapping: 0.050700 ms MarkObjects: 1.585200 ms  DeleteObjects: 0.053300 ms)

========================================================================
Received Prepare
Registering precompiled user dll's ...
Registered in 0.001235 seconds.
Begin MonoManager ReloadAssembly
Native extension for WindowsStandalone target not found
Refreshing native plugins compatible for Editor in 0.22 ms, found 0 plugins.
Preloading 0 native plugins for Editor in 0.00 ms.
Invoked RoslynAnalysisRunner static constructor.
RoslynAnalysisRunner will not be running.
RoslynAnalysisRunner has terminated.
Mono: successfully reloaded assembly
- Completed reload, in  1.045 seconds
Platform modules already initialized, skipping
Refreshing native plugins compatible for Editor in 0.23 ms, found 0 plugins.
Preloading 0 native plugins for Editor in 0.00 ms.
Unloading 1113 Unused Serialized files (Serialized files now loaded: 0)
System memory in use before: 57.9 MB.
System memory in use after: 58.0 MB.

Unloading 5 unused Assets to reduce memory usage. Loaded Objects now: 1575.
Total: 2.056200 ms (FindLiveObjects: 0.156900 ms CreateObjectMapping: 0.040200 ms MarkObjects: 1.779500 ms  DeleteObjects: 0.078200 ms)

========================================================================
Received Import Request.
  Time since last request: 2084.432550 seconds.
  path: Assets/Material/Material2.mat
  artifactKey: Guid(1a694e15f3f1d9143867e4d1badf4592) Importer(815301076,1909f56bfc062723c751e8b465ee728b)
Start importing Assets/Material/Material2.mat using Guid(1a694e15f3f1d9143867e4d1badf4592) Importer(815301076,1909f56bfc062723c751e8b465ee728b)  -> (artifact id: '7d07be8142b2122392e6830ebfed97e4') in 0.162246 seconds
  Import took 0.165707 seconds .

========================================================================
Received Import Request.
  Time since last request: 109.760695 seconds.
  path: ProjectSettings/TagManager.asset
  artifactKey: Guid(00000000000000003000000000000000) Importer(815301076,1909f56bfc062723c751e8b465ee728b)
Start importing ProjectSettings/TagManager.asset using Guid(00000000000000003000000000000000) Importer(815301076,1909f56bfc062723c751e8b465ee728b)  -> (artifact id: 'a8c087a9c213a6547afde91890f57999') in 0.008718 seconds
  Import took 0.014784 seconds .

========================================================================
Received Import Request.
  Time since last request: 0.000363 seconds.
  path: ProjectSettings/TagManager.asset
  artifactKey: Guid(00000000000000003000000000000000) Importer(815301076,1909f56bfc062723c751e8b465ee728b)
Start importing ProjectSettings/TagManager.asset using Guid(00000000000000003000000000000000) Importer(815301076,1909f56bfc062723c751e8b465ee728b)  -> (artifact id: 'a8c087a9c213a6547afde91890f57999') in 0.016418 seconds
  Import took 0.019514 seconds .

========================================================================
Received Import Request.
  Time since last request: 113.092275 seconds.
  path: Assets/Scripts/GameManager.cs
  artifactKey: Guid(f26851210765b414eb2cf57b92777193) Importer(815301076,1909f56bfc062723c751e8b465ee728b)
Start importing Assets/Scripts/GameManager.cs using Guid(f26851210765b414eb2cf57b92777193) Importer(815301076,1909f56bfc062723c751e8b465ee728b)  -> (artifact id: 'fbfe0cd49bc148d32717ddb16d742778') in 0.019073 seconds
  Import took 0.024091 seconds .

========================================================================
Received Prepare
Registering precompiled user dll's ...
Registered in 0.001207 seconds.
Begin MonoManager ReloadAssembly
Native extension for WindowsStandalone target not found
Refreshing native plugins compatible for Editor in 0.25 ms, found 0 plugins.
Preloading 0 native plugins for Editor in 0.00 ms.
Invoked RoslynAnalysisRunner static constructor.
RoslynAnalysisRunner will not be running.
RoslynAnalysisRunner has terminated.
Mono: successfully reloaded assembly
- Completed reload, in  1.419 seconds
Platform modules already initialized, skipping
Refreshing native plugins compatible for Editor in 0.26 ms, found 0 plugins.
Preloading 0 native plugins for Editor in 0.00 ms.
Unloading 1114 Unused Serialized files (Serialized files now loaded: 0)
System memory in use before: 61.3 MB.
System memory in use after: 61.3 MB.

Unloading 7 unused Assets to reduce memory usage. Loaded Objects now: 1619.
Total: 10.637100 ms (FindLiveObjects: 1.813600 ms CreateObjectMapping: 0.067900 ms MarkObjects: 8.675100 ms  DeleteObjects: 0.078600 ms)

========================================================================
Received Prepare
Registering precompiled user dll's ...
Registered in 0.001561 seconds.
Begin MonoManager ReloadAssembly
Native extension for WindowsStandalone target not found
Refreshing native plugins compatible for Editor in 0.23 ms, found 0 plugins.
Preloading 0 native plugins for Editor in 0.00 ms.
Invoked RoslynAnalysisRunner static constructor.
RoslynAnalysisRunner will not be running.
RoslynAnalysisRunner has terminated.
Mono: successfully reloaded assembly
- Completed reload, in  1.174 seconds
Platform modules already initialized, skipping
Refreshing native plugins compatible for Editor in 0.23 ms, found 0 plugins.
Preloading 0 native plugins for Editor in 0.00 ms.
Unloading 1114 Unused Serialized files (Serialized files now loaded: 0)
System memory in use before: 61.3 MB.
System memory in use after: 61.3 MB.

Unloading 5 unused Assets to reduce memory usage. Loaded Objects now: 1622.
Total: 2.276800 ms (FindLiveObjects: 0.198600 ms CreateObjectMapping: 0.048800 ms MarkObjects: 1.929900 ms  DeleteObjects: 0.097100 ms)

========================================================================
Received Prepare
Registering precompiled user dll's ...
Registered in 0.001223 seconds.
Begin MonoManager ReloadAssembly
Native extension for WindowsStandalone target not found
Refreshing native plugins compatible for Editor in 0.26 ms, found 0 plugins.
Preloading 0 native plugins for Editor in 0.00 ms.
Invoked RoslynAnalysisRunner static constructor.
RoslynAnalysisRunner will not be running.
RoslynAnalysisRunner has terminated.
Mono: successfully reloaded assembly
- Completed reload, in  1.088 seconds
Platform modules already initialized, skipping
Refreshing native plugins compatible for Editor in 0.21 ms, found 0 plugins.
Preloading 0 native plugins for Editor in 0.00 ms.
Unloading 1114 Unused Serialized files (Serialized files now loaded: 0)
System memory in use before: 61.3 MB.
System memory in use after: 61.4 MB.

Unloading 5 unused Assets to reduce memory usage. Loaded Objects now: 1625.
Total: 2.251700 ms (FindLiveObjects: 0.375100 ms CreateObjectMapping: 0.057000 ms MarkObjects: 1.745100 ms  DeleteObjects: 0.073200 ms)

========================================================================
Received Import Request.
  Time since last request: 479.796409 seconds.
  path: Assets/Scripts/GameManager.cs
  artifactKey: Guid(f26851210765b414eb2cf57b92777193) Importer(815301076,1909f56bfc062723c751e8b465ee728b)
Start importing Assets/Scripts/GameManager.cs using Guid(f26851210765b414eb2cf57b92777193) Importer(815301076,1909f56bfc062723c751e8b465ee728b)  -> (artifact id: '0f47fc03f7198dc0bbab05248d678bed') in 0.009138 seconds
  Import took 0.011909 seconds .

========================================================================
Received Import Request.
  Time since last request: 4.794901 seconds.
  path: Assets/Scripts/GameManagerLogic.cs
  artifactKey: Guid(f26851210765b414eb2cf57b92777193) Importer(815301076,1909f56bfc062723c751e8b465ee728b)
Start importing Assets/Scripts/GameManagerLogic.cs using Guid(f26851210765b414eb2cf57b92777193) Importer(815301076,1909f56bfc062723c751e8b465ee728b)  -> (artifact id: 'b62c714e6c1d53b505d83d94bcab6021') in 0.030549 seconds
  Import took 0.037832 seconds .

========================================================================
Received Prepare
Registering precompiled user dll's ...
Registered in 0.001618 seconds.
Begin MonoManager ReloadAssembly
Native extension for WindowsStandalone target not found
Refreshing native plugins compatible for Editor in 0.22 ms, found 0 plugins.
Preloading 0 native plugins for Editor in 0.00 ms.
Invoked RoslynAnalysisRunner static constructor.
RoslynAnalysisRunner will not be running.
RoslynAnalysisRunner has terminated.
Mono: successfully reloaded assembly
- Completed reload, in  1.431 seconds
Platform modules already initialized, skipping
Refreshing native plugins compatible for Editor in 0.30 ms, found 0 plugins.
Preloading 0 native plugins for Editor in 0.00 ms.
Unloading 1114 Unused Serialized files (Serialized files now loaded: 0)
System memory in use before: 61.3 MB.
System memory in use after: 61.4 MB.

Unloading 5 unused Assets to reduce memory usage. Loaded Objects now: 1628.
Total: 2.024500 ms (FindLiveObjects: 0.146900 ms CreateObjectMapping: 0.053900 ms MarkObjects: 1.743600 ms  DeleteObjects: 0.078800 ms)

========================================================================
Received Import Request.
  Time since last request: 145.382170 seconds.
  path: Assets/Scripts/CameraMove.cs
  artifactKey: Guid(43856c0ab90beaf45af1a0a54f2d1ef4) Importer(815301076,1909f56bfc062723c751e8b465ee728b)
Start importing Assets/Scripts/CameraMove.cs using Guid(43856c0ab90beaf45af1a0a54f2d1ef4) Importer(815301076,1909f56bfc062723c751e8b465ee728b)  -> (artifact id: 'a149ecc16c7ff279d9901c2229268220') in 0.006646 seconds
  Import took 0.009570 seconds .

========================================================================
Received Import Request.
  Time since last request: 0.000560 seconds.
  path: Assets/Scripts/CameraMove.cs
  artifactKey: Guid(43856c0ab90beaf45af1a0a54f2d1ef4) Importer(815301076,1909f56bfc062723c751e8b465ee728b)
Start importing Assets/Scripts/CameraMove.cs using Guid(43856c0ab90beaf45af1a0a54f2d1ef4) Importer(815301076,1909f56bfc062723c751e8b465ee728b)  -> (artifact id: 'a149ecc16c7ff279d9901c2229268220') in 0.005218 seconds
  Import took 0.008529 seconds .

AssetImportWorkerClient::OnTransportError - code=2 error=End of file
